Hmm ... looks like a package

This is pdfTeX, Version 3.14159265-2.6-1.40.21 (TeX Live 2020) (preloaded format=pdflatex)
 restricted \write18 enabled.
entering extended mode
LaTeX2e <2020-02-02> patch level 5
L3 programming layer <2020-09-06>
(./Rd2.tex
(/Users/filipezabala/Library/TinyTeX/texmf-dist/tex/latex/base/book.cls
Document Class: book 2019/12/20 v1.4l Standard LaTeX document class
(/Users/filipezabala/Library/TinyTeX/texmf-dist/tex/latex/base/bk10.clo))
(/Library/Frameworks/R.framework/Resources/share/texmf/tex/latex/Rd.sty
(/Users/filipezabala/Library/TinyTeX/texmf-dist/tex/latex/base/ifthen.sty)
(/Users/filipezabala/Library/TinyTeX/texmf-dist/tex/latex/tools/longtable.sty)
(/Users/filipezabala/Library/TinyTeX/texmf-dist/tex/latex/tools/bm.sty)
(/Users/filipezabala/Library/TinyTeX/texmf-dist/tex/latex/base/alltt.sty)
(/Users/filipezabala/Library/TinyTeX/texmf-dist/tex/latex/tools/verbatim.sty)
(/Users/filipezabala/Library/TinyTeX/texmf-dist/tex/latex/url/url.sty)
(/Users/filipezabala/Library/TinyTeX/texmf-dist/tex/latex/base/textcomp.sty)
(/Users/filipezabala/Library/TinyTeX/texmf-dist/tex/latex/base/fontenc.sty)
(/Users/filipezabala/Library/TinyTeX/texmf-dist/tex/latex/psnfss/times.sty)
(/Users/filipezabala/Library/TinyTeX/texmf-dist/tex/latex/inconsolata/zi4.sty
`inconsolata-zi4' v1.12, 2019/05/17 Text macros for Inconsolata (msharpe)
(/Users/filipezabala/Library/TinyTeX/texmf-dist/tex/latex/xkeyval/xkeyval.sty
(/Users/filipezabala/Library/TinyTeX/texmf-dist/tex/generic/xkeyval/xkeyval.tex

(/Users/filipezabala/Library/TinyTeX/texmf-dist/tex/generic/xkeyval/xkvutils.te
x
(/Users/filipezabala/Library/TinyTeX/texmf-dist/tex/generic/xkeyval/keyval.tex)
))))
(/Users/filipezabala/Library/TinyTeX/texmf-dist/tex/latex/graphics/color.sty
(/Users/filipezabala/Library/TinyTeX/texmf-dist/tex/latex/graphics-cfg/color.cf
g)
(/Users/filipezabala/Library/TinyTeX/texmf-dist/tex/latex/graphics-def/pdftex.d
ef))
(/Users/filipezabala/Library/TinyTeX/texmf-dist/tex/latex/hyperref/hyperref.sty

(/Users/filipezabala/Library/TinyTeX/texmf-dist/tex/generic/ltxcmds/ltxcmds.sty
) (/Users/filipezabala/Library/TinyTeX/texmf-dist/tex/generic/iftex/iftex.sty)
(/Users/filipezabala/Library/TinyTeX/texmf-dist/tex/generic/pdftexcmds/pdftexcm
ds.sty
(/Users/filipezabala/Library/TinyTeX/texmf-dist/tex/generic/infwarerr/infwarerr
.sty))
(/Users/filipezabala/Library/TinyTeX/texmf-dist/tex/generic/kvsetkeys/kvsetkeys
.sty)
(/Users/filipezabala/Library/TinyTeX/texmf-dist/tex/generic/kvdefinekeys/kvdefi
nekeys.sty)
(/Users/filipezabala/Library/TinyTeX/texmf-dist/tex/generic/pdfescape/pdfescape
.sty)
(/Users/filipezabala/Library/TinyTeX/texmf-dist/tex/latex/hycolor/hycolor.sty)
(/Users/filipezabala/Library/TinyTeX/texmf-dist/tex/latex/letltxmacro/letltxmac
ro.sty)
(/Users/filipezabala/Library/TinyTeX/texmf-dist/tex/latex/auxhook/auxhook.sty)
(/Users/filipezabala/Library/TinyTeX/texmf-dist/tex/latex/kvoptions/kvoptions.s
ty)
(/Users/filipezabala/Library/TinyTeX/texmf-dist/tex/latex/hyperref/pd1enc.def)
(/Users/filipezabala/Library/TinyTeX/texmf-dist/tex/generic/intcalc/intcalc.sty
)
(/Users/filipezabala/Library/TinyTeX/texmf-dist/tex/generic/etexcmds/etexcmds.s
ty)
(/Users/filipezabala/Library/TinyTeX/texmf-dist/tex/generic/bitset/bitset.sty
(/Users/filipezabala/Library/TinyTeX/texmf-dist/tex/generic/bigintcalc/bigintca
lc.sty))
(/Users/filipezabala/Library/TinyTeX/texmf-dist/tex/generic/atbegshi/atbegshi.s
ty))
(/Users/filipezabala/Library/TinyTeX/texmf-dist/tex/latex/hyperref/hpdftex.def
(/Users/filipezabala/Library/TinyTeX/texmf-dist/tex/latex/atveryend/atveryend.s
ty)
(/Users/filipezabala/Library/TinyTeX/texmf-dist/tex/latex/rerunfilecheck/rerunf
ilecheck.sty
(/Users/filipezabala/Library/TinyTeX/texmf-dist/tex/generic/uniquecounter/uniqu
ecounter.sty)))

Package hyperref Warning: Option `hyperindex' has already been used,
(hyperref)                setting the option has no effect on input line 377.


Package hyperref Warning: Option `pagebackref' has already been used,
(hyperref)                setting the option has no effect on input line 377.

) (/Users/filipezabala/Library/TinyTeX/texmf-dist/tex/latex/base/makeidx.sty)
(/Users/filipezabala/Library/TinyTeX/texmf-dist/tex/latex/base/inputenc.sty)
Writing index file Rd2.idx

(/Users/filipezabala/Library/TinyTeX/texmf-dist/tex/latex/l3backend/l3backend-p
dftex.def)
No file Rd2.aux.
(/Users/filipezabala/Library/TinyTeX/texmf-dist/tex/latex/psnfss/t1ptm.fd)
(/Users/filipezabala/Library/TinyTeX/texmf-dist/tex/context/base/mkii/supp-pdf.
mkii
[Loading MPS to PDF converter (version 2006.09.02).]
)
(/Users/filipezabala/Library/TinyTeX/texmf-dist/tex/latex/hyperref/nameref.sty
(/Users/filipezabala/Library/TinyTeX/texmf-dist/tex/latex/refcount/refcount.sty
)
(/Users/filipezabala/Library/TinyTeX/texmf-dist/tex/generic/gettitlestring/gett
itlestring.sty))
(/Users/filipezabala/Library/TinyTeX/texmf-dist/tex/latex/psnfss/ts1ptm.fd)
(/Users/filipezabala/Library/TinyTeX/texmf-dist/tex/latex/inconsolata/t1zi4.fd)
(/Users/filipezabala/Library/TinyTeX/texmf-dist/tex/latex/psnfss/t1phv.fd)
[1{/Users/filipezabala/Library/TinyTeX/texmf-var/fonts/map/pdftex/updmap/pdftex
.map}] [2]
(/Users/filipezabala/Library/TinyTeX/texmf-dist/tex/latex/inconsolata/ts1zi4.fd
) [3] [4] [5] [6]
Overfull \hbox (77.3968pt too wide) in paragraph at lines 392--393
[]\T1/ptm/m/n/10 Vector of fea-tures to be ex-tracted. (de-fault: 'f0','formant
s','zcr','mhs','rms','gain','rfc','ac','mfcc').

Overfull \hbox (42.63095pt too wide) in paragraph at lines 396--397
\T1/zi4/m/n/10 wrassp::ksvF0\T1/ptm/m/n/10 , \T1/zi4/m/n/10 wrassp::forest\T1/p
tm/m/n/10 , \T1/zi4/m/n/10 wrassp::mhsF0\T1/ptm/m/n/10 , \T1/zi4/m/n/10 wrassp:
:zcrana\T1/ptm/m/n/10 , \T1/zi4/m/n/10 wrassp::rfcana\T1/ptm/m/n/10 ,

Overfull \hbox (35.61093pt too wide) in paragraph at lines 396--397
\T1/zi4/m/n/10 wrassp::acfana\T1/ptm/m/n/10 , \T1/zi4/m/n/10 wrassp::cepstrum\T
1/ptm/m/n/10 , \T1/zi4/m/n/10 wrassp::dftSpectrum\T1/ptm/m/n/10 , \T1/zi4/m/n/1
0 wrassp::cssSpectrum
[7]
Overfull \hbox (35.84846pt too wide) in paragraph at lines 410--411
[]\T1/ptm/m/n/10 Number of cores to be used in par-al-lel pro-cess-ing. (de-fau
lt: \T1/zi4/m/n/10 parallel::detectCores()\T1/ptm/m/n/10 ) 
[8] [9] [10] [11] [12]
No file Rd2.ind.
[13]
(/private/var/folders/l1/6jb9jt7513v6cv79l15qvbg40000gn/T/RtmpCFbl8k/Rd2pdf7013
c2ef213/Rd2.aux)

Package rerunfilecheck Warning: File `Rd2.out' has changed.
(rerunfilecheck)                Rerun to get outlines right
(rerunfilecheck)                or use package `bookmark'.

 )
(see the transcript file for additional information){/Users/filipezabala/Librar
y/TinyTeX/texmf-dist/fonts/enc/dvips/inconsolata/i4-ts1.enc}{/Users/filipezabal
a/Library/TinyTeX/texmf-dist/fonts/enc/dvips/base/8r.enc}{/Users/filipezabala/L
ibrary/TinyTeX/texmf-dist/fonts/enc/dvips/inconsolata/i4-t1-0.enc}{/Users/filip
ezabala/Library/TinyTeX/texmf-dist/fonts/enc/dvips/cm-super/cm-super-ts1.enc}</
Users/filipezabala/Library/TinyTeX/texmf-dist/fonts/type1/public/inconsolata/In
consolata-zi4r.pfb></Users/filipezabala/Library/TinyTeX/texmf-dist/fonts/type1/
public/cm-super/sfrm1000.pfb></Users/filipezabala/Library/TinyTeX/texmf-dist/fo
nts/type1/urw/helvetic/uhvr8a.pfb></Users/filipezabala/Library/TinyTeX/texmf-di
st/fonts/type1/urw/times/utmb8a.pfb></Users/filipezabala/Library/TinyTeX/texmf-
dist/fonts/type1/urw/times/utmr8a.pfb></Users/filipezabala/Library/TinyTeX/texm
f-dist/fonts/type1/urw/times/utmr8a.pfb></Users/filipezabala/Library/TinyTeX/te
xmf-dist/fonts/type1/urw/times/utmri8a.pfb>
Output written on Rd2.pdf (13 pages, 106540 bytes).
Transcript written on Rd2.log.
This is pdfTeX, Version 3.14159265-2.6-1.40.21 (TeX Live 2020) (preloaded format=pdflatex)
 restricted \write18 enabled.
entering extended mode
LaTeX2e <2020-02-02> patch level 5
L3 programming layer <2020-09-06>
(./Rd2.tex
(/Users/filipezabala/Library/TinyTeX/texmf-dist/tex/latex/base/book.cls
Document Class: book 2019/12/20 v1.4l Standard LaTeX document class
(/Users/filipezabala/Library/TinyTeX/texmf-dist/tex/latex/base/bk10.clo))
(/Library/Frameworks/R.framework/Resources/share/texmf/tex/latex/Rd.sty
(/Users/filipezabala/Library/TinyTeX/texmf-dist/tex/latex/base/ifthen.sty)
(/Users/filipezabala/Library/TinyTeX/texmf-dist/tex/latex/tools/longtable.sty)
(/Users/filipezabala/Library/TinyTeX/texmf-dist/tex/latex/tools/bm.sty)
(/Users/filipezabala/Library/TinyTeX/texmf-dist/tex/latex/base/alltt.sty)
(/Users/filipezabala/Library/TinyTeX/texmf-dist/tex/latex/tools/verbatim.sty)
(/Users/filipezabala/Library/TinyTeX/texmf-dist/tex/latex/url/url.sty)
(/Users/filipezabala/Library/TinyTeX/texmf-dist/tex/latex/base/textcomp.sty)
(/Users/filipezabala/Library/TinyTeX/texmf-dist/tex/latex/base/fontenc.sty)
(/Users/filipezabala/Library/TinyTeX/texmf-dist/tex/latex/psnfss/times.sty)
(/Users/filipezabala/Library/TinyTeX/texmf-dist/tex/latex/inconsolata/zi4.sty
`inconsolata-zi4' v1.12, 2019/05/17 Text macros for Inconsolata (msharpe)
(/Users/filipezabala/Library/TinyTeX/texmf-dist/tex/latex/xkeyval/xkeyval.sty
(/Users/filipezabala/Library/TinyTeX/texmf-dist/tex/generic/xkeyval/xkeyval.tex

(/Users/filipezabala/Library/TinyTeX/texmf-dist/tex/generic/xkeyval/xkvutils.te
x
(/Users/filipezabala/Library/TinyTeX/texmf-dist/tex/generic/xkeyval/keyval.tex)
))))
(/Users/filipezabala/Library/TinyTeX/texmf-dist/tex/latex/graphics/color.sty
(/Users/filipezabala/Library/TinyTeX/texmf-dist/tex/latex/graphics-cfg/color.cf
g)
(/Users/filipezabala/Library/TinyTeX/texmf-dist/tex/latex/graphics-def/pdftex.d
ef))
(/Users/filipezabala/Library/TinyTeX/texmf-dist/tex/latex/hyperref/hyperref.sty

(/Users/filipezabala/Library/TinyTeX/texmf-dist/tex/generic/ltxcmds/ltxcmds.sty
) (/Users/filipezabala/Library/TinyTeX/texmf-dist/tex/generic/iftex/iftex.sty)
(/Users/filipezabala/Library/TinyTeX/texmf-dist/tex/generic/pdftexcmds/pdftexcm
ds.sty
(/Users/filipezabala/Library/TinyTeX/texmf-dist/tex/generic/infwarerr/infwarerr
.sty))
(/Users/filipezabala/Library/TinyTeX/texmf-dist/tex/generic/kvsetkeys/kvsetkeys
.sty)
(/Users/filipezabala/Library/TinyTeX/texmf-dist/tex/generic/kvdefinekeys/kvdefi
nekeys.sty)
(/Users/filipezabala/Library/TinyTeX/texmf-dist/tex/generic/pdfescape/pdfescape
.sty)
(/Users/filipezabala/Library/TinyTeX/texmf-dist/tex/latex/hycolor/hycolor.sty)
(/Users/filipezabala/Library/TinyTeX/texmf-dist/tex/latex/letltxmacro/letltxmac
ro.sty)
(/Users/filipezabala/Library/TinyTeX/texmf-dist/tex/latex/auxhook/auxhook.sty)
(/Users/filipezabala/Library/TinyTeX/texmf-dist/tex/latex/kvoptions/kvoptions.s
ty)
(/Users/filipezabala/Library/TinyTeX/texmf-dist/tex/latex/hyperref/pd1enc.def)
(/Users/filipezabala/Library/TinyTeX/texmf-dist/tex/generic/intcalc/intcalc.sty
)
(/Users/filipezabala/Library/TinyTeX/texmf-dist/tex/generic/etexcmds/etexcmds.s
ty)
(/Users/filipezabala/Library/TinyTeX/texmf-dist/tex/generic/bitset/bitset.sty
(/Users/filipezabala/Library/TinyTeX/texmf-dist/tex/generic/bigintcalc/bigintca
lc.sty))
(/Users/filipezabala/Library/TinyTeX/texmf-dist/tex/generic/atbegshi/atbegshi.s
ty))
(/Users/filipezabala/Library/TinyTeX/texmf-dist/tex/latex/hyperref/hpdftex.def
(/Users/filipezabala/Library/TinyTeX/texmf-dist/tex/latex/atveryend/atveryend.s
ty)
(/Users/filipezabala/Library/TinyTeX/texmf-dist/tex/latex/rerunfilecheck/rerunf
ilecheck.sty
(/Users/filipezabala/Library/TinyTeX/texmf-dist/tex/generic/uniquecounter/uniqu
ecounter.sty)))

Package hyperref Warning: Option `hyperindex' has already been used,
(hyperref)                setting the option has no effect on input line 377.


Package hyperref Warning: Option `pagebackref' has already been used,
(hyperref)                setting the option has no effect on input line 377.

) (/Users/filipezabala/Library/TinyTeX/texmf-dist/tex/latex/base/makeidx.sty)
(/Users/filipezabala/Library/TinyTeX/texmf-dist/tex/latex/base/inputenc.sty)
Writing index file Rd2.idx

(/Users/filipezabala/Library/TinyTeX/texmf-dist/tex/latex/l3backend/l3backend-p
dftex.def)
(/private/var/folders/l1/6jb9jt7513v6cv79l15qvbg40000gn/T/RtmpCFbl8k/Rd2pdf7013
c2ef213/Rd2.aux)
(/Users/filipezabala/Library/TinyTeX/texmf-dist/tex/latex/psnfss/t1ptm.fd)
(/Users/filipezabala/Library/TinyTeX/texmf-dist/tex/context/base/mkii/supp-pdf.
mkii
[Loading MPS to PDF converter (version 2006.09.02).]
)
(/Users/filipezabala/Library/TinyTeX/texmf-dist/tex/latex/hyperref/nameref.sty
(/Users/filipezabala/Library/TinyTeX/texmf-dist/tex/latex/refcount/refcount.sty
)
(/Users/filipezabala/Library/TinyTeX/texmf-dist/tex/generic/gettitlestring/gett
itlestring.sty))
(/private/var/folders/l1/6jb9jt7513v6cv79l15qvbg40000gn/T/RtmpCFbl8k/Rd2pdf7013
c2ef213/Rd2.out)
(/private/var/folders/l1/6jb9jt7513v6cv79l15qvbg40000gn/T/RtmpCFbl8k/Rd2pdf7013
c2ef213/Rd2.out)
(/Users/filipezabala/Library/TinyTeX/texmf-dist/tex/latex/psnfss/ts1ptm.fd)
(/Users/filipezabala/Library/TinyTeX/texmf-dist/tex/latex/inconsolata/t1zi4.fd)
(/Users/filipezabala/Library/TinyTeX/texmf-dist/tex/latex/psnfss/t1phv.fd)
(/private/var/folders/l1/6jb9jt7513v6cv79l15qvbg40000gn/T/RtmpCFbl8k/Rd2pdf7013
c2ef213/Rd2.toc) [1{/Users/filipezabala/Library/TinyTeX/texmf-var/fonts/map/pdf
tex/updmap/pdftex.map}] [2]
(/Users/filipezabala/Library/TinyTeX/texmf-dist/tex/latex/inconsolata/ts1zi4.fd
) [3] [4] [5] [6]
Overfull \hbox (77.3968pt too wide) in paragraph at lines 392--393
[]\T1/ptm/m/n/10 Vector of fea-tures to be ex-tracted. (de-fault: 'f0','formant
s','zcr','mhs','rms','gain','rfc','ac','mfcc').

Overfull \hbox (42.63095pt too wide) in paragraph at lines 396--397
\T1/zi4/m/n/10 wrassp::ksvF0\T1/ptm/m/n/10 , \T1/zi4/m/n/10 wrassp::forest\T1/p
tm/m/n/10 , \T1/zi4/m/n/10 wrassp::mhsF0\T1/ptm/m/n/10 , \T1/zi4/m/n/10 wrassp:
:zcrana\T1/ptm/m/n/10 , \T1/zi4/m/n/10 wrassp::rfcana\T1/ptm/m/n/10 ,

Overfull \hbox (35.61093pt too wide) in paragraph at lines 396--397
\T1/zi4/m/n/10 wrassp::acfana\T1/ptm/m/n/10 , \T1/zi4/m/n/10 wrassp::cepstrum\T
1/ptm/m/n/10 , \T1/zi4/m/n/10 wrassp::dftSpectrum\T1/ptm/m/n/10 , \T1/zi4/m/n/1
0 wrassp::cssSpectrum
[7]
Overfull \hbox (35.84846pt too wide) in paragraph at lines 410--411
[]\T1/ptm/m/n/10 Number of cores to be used in par-al-lel pro-cess-ing. (de-fau
lt: \T1/zi4/m/n/10 parallel::detectCores()\T1/ptm/m/n/10 ) 
[8] [9] [10] [11] [12]
No file Rd2.ind.
[13]
(/private/var/folders/l1/6jb9jt7513v6cv79l15qvbg40000gn/T/RtmpCFbl8k/Rd2pdf7013
c2ef213/Rd2.aux) )
(see the transcript file for additional information){/Users/filipezabala/Librar
y/TinyTeX/texmf-dist/fonts/enc/dvips/inconsolata/i4-ts1.enc}{/Users/filipezabal
a/Library/TinyTeX/texmf-dist/fonts/enc/dvips/base/8r.enc}{/Users/filipezabala/L
ibrary/TinyTeX/texmf-dist/fonts/enc/dvips/inconsolata/i4-t1-0.enc}{/Users/filip
ezabala/Library/TinyTeX/texmf-dist/fonts/enc/dvips/cm-super/cm-super-ts1.enc}</
Users/filipezabala/Library/TinyTeX/texmf-dist/fonts/type1/public/inconsolata/In
consolata-zi4r.pfb></Users/filipezabala/Library/TinyTeX/texmf-dist/fonts/type1/
public/cm-super/sfrm1000.pfb></Users/filipezabala/Library/TinyTeX/texmf-dist/fo
nts/type1/urw/helvetic/uhvr8a.pfb></Users/filipezabala/Library/TinyTeX/texmf-di
st/fonts/type1/urw/times/utmb8a.pfb></Users/filipezabala/Library/TinyTeX/texmf-
dist/fonts/type1/urw/times/utmr8a.pfb></Users/filipezabala/Library/TinyTeX/texm
f-dist/fonts/type1/urw/times/utmr8a.pfb></Users/filipezabala/Library/TinyTeX/te
xmf-dist/fonts/type1/urw/times/utmri8a.pfb>
Output written on Rd2.pdf (13 pages, 107967 bytes).
Transcript written on Rd2.log.
This is makeindex, version 2.15 [TeX Live 2020] (kpathsea + Thai support).
Scanning input file Rd2.idx....done (12 entries accepted, 0 rejected).
Sorting entries....done (38 comparisons).
Generating output file Rd2.ind....done (31 lines written, 0 warnings).
Output written in Rd2.ind.
Transcript written in Rd2.ilg.
This is pdfTeX, Version 3.14159265-2.6-1.40.21 (TeX Live 2020) (preloaded format=pdflatex)
 restricted \write18 enabled.
entering extended mode
LaTeX2e <2020-02-02> patch level 5
L3 programming layer <2020-09-06>
(./Rd2.tex
(/Users/filipezabala/Library/TinyTeX/texmf-dist/tex/latex/base/book.cls
Document Class: book 2019/12/20 v1.4l Standard LaTeX document class
(/Users/filipezabala/Library/TinyTeX/texmf-dist/tex/latex/base/bk10.clo))
(/Library/Frameworks/R.framework/Resources/share/texmf/tex/latex/Rd.sty
(/Users/filipezabala/Library/TinyTeX/texmf-dist/tex/latex/base/ifthen.sty)
(/Users/filipezabala/Library/TinyTeX/texmf-dist/tex/latex/tools/longtable.sty)
(/Users/filipezabala/Library/TinyTeX/texmf-dist/tex/latex/tools/bm.sty)
(/Users/filipezabala/Library/TinyTeX/texmf-dist/tex/latex/base/alltt.sty)
(/Users/filipezabala/Library/TinyTeX/texmf-dist/tex/latex/tools/verbatim.sty)
(/Users/filipezabala/Library/TinyTeX/texmf-dist/tex/latex/url/url.sty)
(/Users/filipezabala/Library/TinyTeX/texmf-dist/tex/latex/base/textcomp.sty)
(/Users/filipezabala/Library/TinyTeX/texmf-dist/tex/latex/base/fontenc.sty)
(/Users/filipezabala/Library/TinyTeX/texmf-dist/tex/latex/psnfss/times.sty)
(/Users/filipezabala/Library/TinyTeX/texmf-dist/tex/latex/inconsolata/zi4.sty
`inconsolata-zi4' v1.12, 2019/05/17 Text macros for Inconsolata (msharpe)
(/Users/filipezabala/Library/TinyTeX/texmf-dist/tex/latex/xkeyval/xkeyval.sty
(/Users/filipezabala/Library/TinyTeX/texmf-dist/tex/generic/xkeyval/xkeyval.tex

(/Users/filipezabala/Library/TinyTeX/texmf-dist/tex/generic/xkeyval/xkvutils.te
x
(/Users/filipezabala/Library/TinyTeX/texmf-dist/tex/generic/xkeyval/keyval.tex)
))))
(/Users/filipezabala/Library/TinyTeX/texmf-dist/tex/latex/graphics/color.sty
(/Users/filipezabala/Library/TinyTeX/texmf-dist/tex/latex/graphics-cfg/color.cf
g)
(/Users/filipezabala/Library/TinyTeX/texmf-dist/tex/latex/graphics-def/pdftex.d
ef))
(/Users/filipezabala/Library/TinyTeX/texmf-dist/tex/latex/hyperref/hyperref.sty

(/Users/filipezabala/Library/TinyTeX/texmf-dist/tex/generic/ltxcmds/ltxcmds.sty
) (/Users/filipezabala/Library/TinyTeX/texmf-dist/tex/generic/iftex/iftex.sty)
(/Users/filipezabala/Library/TinyTeX/texmf-dist/tex/generic/pdftexcmds/pdftexcm
ds.sty
(/Users/filipezabala/Library/TinyTeX/texmf-dist/tex/generic/infwarerr/infwarerr
.sty))
(/Users/filipezabala/Library/TinyTeX/texmf-dist/tex/generic/kvsetkeys/kvsetkeys
.sty)
(/Users/filipezabala/Library/TinyTeX/texmf-dist/tex/generic/kvdefinekeys/kvdefi
nekeys.sty)
(/Users/filipezabala/Library/TinyTeX/texmf-dist/tex/generic/pdfescape/pdfescape
.sty)
(/Users/filipezabala/Library/TinyTeX/texmf-dist/tex/latex/hycolor/hycolor.sty)
(/Users/filipezabala/Library/TinyTeX/texmf-dist/tex/latex/letltxmacro/letltxmac
ro.sty)
(/Users/filipezabala/Library/TinyTeX/texmf-dist/tex/latex/auxhook/auxhook.sty)
(/Users/filipezabala/Library/TinyTeX/texmf-dist/tex/latex/kvoptions/kvoptions.s
ty)
(/Users/filipezabala/Library/TinyTeX/texmf-dist/tex/latex/hyperref/pd1enc.def)
(/Users/filipezabala/Library/TinyTeX/texmf-dist/tex/generic/intcalc/intcalc.sty
)
(/Users/filipezabala/Library/TinyTeX/texmf-dist/tex/generic/etexcmds/etexcmds.s
ty)
(/Users/filipezabala/Library/TinyTeX/texmf-dist/tex/generic/bitset/bitset.sty
(/Users/filipezabala/Library/TinyTeX/texmf-dist/tex/generic/bigintcalc/bigintca
lc.sty))
(/Users/filipezabala/Library/TinyTeX/texmf-dist/tex/generic/atbegshi/atbegshi.s
ty))
(/Users/filipezabala/Library/TinyTeX/texmf-dist/tex/latex/hyperref/hpdftex.def
(/Users/filipezabala/Library/TinyTeX/texmf-dist/tex/latex/atveryend/atveryend.s
ty)
(/Users/filipezabala/Library/TinyTeX/texmf-dist/tex/latex/rerunfilecheck/rerunf
ilecheck.sty
(/Users/filipezabala/Library/TinyTeX/texmf-dist/tex/generic/uniquecounter/uniqu
ecounter.sty)))

Package hyperref Warning: Option `hyperindex' has already been used,
(hyperref)                setting the option has no effect on input line 377.


Package hyperref Warning: Option `pagebackref' has already been used,
(hyperref)                setting the option has no effect on input line 377.

) (/Users/filipezabala/Library/TinyTeX/texmf-dist/tex/latex/base/makeidx.sty)
(/Users/filipezabala/Library/TinyTeX/texmf-dist/tex/latex/base/inputenc.sty)
Writing index file Rd2.idx

(/Users/filipezabala/Library/TinyTeX/texmf-dist/tex/latex/l3backend/l3backend-p
dftex.def)
(/private/var/folders/l1/6jb9jt7513v6cv79l15qvbg40000gn/T/RtmpCFbl8k/Rd2pdf7013
c2ef213/Rd2.aux)
(/Users/filipezabala/Library/TinyTeX/texmf-dist/tex/latex/psnfss/t1ptm.fd)
(/Users/filipezabala/Library/TinyTeX/texmf-dist/tex/context/base/mkii/supp-pdf.
mkii
[Loading MPS to PDF converter (version 2006.09.02).]
)
(/Users/filipezabala/Library/TinyTeX/texmf-dist/tex/latex/hyperref/nameref.sty
(/Users/filipezabala/Library/TinyTeX/texmf-dist/tex/latex/refcount/refcount.sty
)
(/Users/filipezabala/Library/TinyTeX/texmf-dist/tex/generic/gettitlestring/gett
itlestring.sty))
(/private/var/folders/l1/6jb9jt7513v6cv79l15qvbg40000gn/T/RtmpCFbl8k/Rd2pdf7013
c2ef213/Rd2.out)
(/private/var/folders/l1/6jb9jt7513v6cv79l15qvbg40000gn/T/RtmpCFbl8k/Rd2pdf7013
c2ef213/Rd2.out)
(/Users/filipezabala/Library/TinyTeX/texmf-dist/tex/latex/psnfss/ts1ptm.fd)
(/Users/filipezabala/Library/TinyTeX/texmf-dist/tex/latex/inconsolata/t1zi4.fd)
(/Users/filipezabala/Library/TinyTeX/texmf-dist/tex/latex/psnfss/t1phv.fd)
(/private/var/folders/l1/6jb9jt7513v6cv79l15qvbg40000gn/T/RtmpCFbl8k/Rd2pdf7013
c2ef213/Rd2.toc) [1{/Users/filipezabala/Library/TinyTeX/texmf-var/fonts/map/pdf
tex/updmap/pdftex.map}] [2]
(/Users/filipezabala/Library/TinyTeX/texmf-dist/tex/latex/inconsolata/ts1zi4.fd
) [3] [4] [5] [6]
Overfull \hbox (77.3968pt too wide) in paragraph at lines 392--393
[]\T1/ptm/m/n/10 Vector of fea-tures to be ex-tracted. (de-fault: 'f0','formant
s','zcr','mhs','rms','gain','rfc','ac','mfcc').

Overfull \hbox (42.63095pt too wide) in paragraph at lines 396--397
\T1/zi4/m/n/10 wrassp::ksvF0\T1/ptm/m/n/10 , \T1/zi4/m/n/10 wrassp::forest\T1/p
tm/m/n/10 , \T1/zi4/m/n/10 wrassp::mhsF0\T1/ptm/m/n/10 , \T1/zi4/m/n/10 wrassp:
:zcrana\T1/ptm/m/n/10 , \T1/zi4/m/n/10 wrassp::rfcana\T1/ptm/m/n/10 ,

Overfull \hbox (35.61093pt too wide) in paragraph at lines 396--397
\T1/zi4/m/n/10 wrassp::acfana\T1/ptm/m/n/10 , \T1/zi4/m/n/10 wrassp::cepstrum\T
1/ptm/m/n/10 , \T1/zi4/m/n/10 wrassp::dftSpectrum\T1/ptm/m/n/10 , \T1/zi4/m/n/1
0 wrassp::cssSpectrum
[7]
Overfull \hbox (35.84846pt too wide) in paragraph at lines 410--411
[]\T1/ptm/m/n/10 Number of cores to be used in par-al-lel pro-cess-ing. (de-fau
lt: \T1/zi4/m/n/10 parallel::detectCores()\T1/ptm/m/n/10 ) 
[8] [9] [10] [11] [12]
(/private/var/folders/l1/6jb9jt7513v6cv79l15qvbg40000gn/T/RtmpCFbl8k/Rd2pdf7013
c2ef213/Rd2.ind [13] [14])
(/private/var/folders/l1/6jb9jt7513v6cv79l15qvbg40000gn/T/RtmpCFbl8k/Rd2pdf7013
c2ef213/Rd2.aux)

Package rerunfilecheck Warning: File `Rd2.out' has changed.
(rerunfilecheck)                Rerun to get outlines right
(rerunfilecheck)                or use package `bookmark'.

 )
(see the transcript file for additional information){/Users/filipezabala/Librar
y/TinyTeX/texmf-dist/fonts/enc/dvips/inconsolata/i4-ts1.enc}{/Users/filipezabal
a/Library/TinyTeX/texmf-dist/fonts/enc/dvips/base/8r.enc}{/Users/filipezabala/L
ibrary/TinyTeX/texmf-dist/fonts/enc/dvips/inconsolata/i4-t1-0.enc}{/Users/filip
ezabala/Library/TinyTeX/texmf-dist/fonts/enc/dvips/cm-super/cm-super-ts1.enc}</
Users/filipezabala/Library/TinyTeX/texmf-dist/fonts/type1/public/inconsolata/In
consolata-zi4r.pfb></Users/filipezabala/Library/TinyTeX/texmf-dist/fonts/type1/
public/cm-super/sfrm1000.pfb></Users/filipezabala/Library/TinyTeX/texmf-dist/fo
nts/type1/urw/helvetic/uhvr8a.pfb></Users/filipezabala/Library/TinyTeX/texmf-di
st/fonts/type1/urw/times/utmb8a.pfb></Users/filipezabala/Library/TinyTeX/texmf-
dist/fonts/type1/urw/times/utmr8a.pfb></Users/filipezabala/Library/TinyTeX/texm
f-dist/fonts/type1/urw/times/utmr8a.pfb></Users/filipezabala/Library/TinyTeX/te
xmf-dist/fonts/type1/urw/times/utmri8a.pfb>
Output written on Rd2.pdf (14 pages, 109058 bytes).
Transcript written on Rd2.log.
This is makeindex, version 2.15 [TeX Live 2020] (kpathsea + Thai support).
Scanning input file Rd2.idx....done (12 entries accepted, 0 rejected).
Sorting entries....done (38 comparisons).
Generating output file Rd2.ind....done (31 lines written, 0 warnings).
Output written in Rd2.ind.
Transcript written in Rd2.ilg.
This is pdfTeX, Version 3.14159265-2.6-1.40.21 (TeX Live 2020) (preloaded format=pdflatex)
 restricted \write18 enabled.
entering extended mode
LaTeX2e <2020-02-02> patch level 5
L3 programming layer <2020-09-06>
(./Rd2.tex
(/Users/filipezabala/Library/TinyTeX/texmf-dist/tex/latex/base/book.cls
Document Class: book 2019/12/20 v1.4l Standard LaTeX document class
(/Users/filipezabala/Library/TinyTeX/texmf-dist/tex/latex/base/bk10.clo))
(/Library/Frameworks/R.framework/Resources/share/texmf/tex/latex/Rd.sty
(/Users/filipezabala/Library/TinyTeX/texmf-dist/tex/latex/base/ifthen.sty)
(/Users/filipezabala/Library/TinyTeX/texmf-dist/tex/latex/tools/longtable.sty)
(/Users/filipezabala/Library/TinyTeX/texmf-dist/tex/latex/tools/bm.sty)
(/Users/filipezabala/Library/TinyTeX/texmf-dist/tex/latex/base/alltt.sty)
(/Users/filipezabala/Library/TinyTeX/texmf-dist/tex/latex/tools/verbatim.sty)
(/Users/filipezabala/Library/TinyTeX/texmf-dist/tex/latex/url/url.sty)
(/Users/filipezabala/Library/TinyTeX/texmf-dist/tex/latex/base/textcomp.sty)
(/Users/filipezabala/Library/TinyTeX/texmf-dist/tex/latex/base/fontenc.sty)
(/Users/filipezabala/Library/TinyTeX/texmf-dist/tex/latex/psnfss/times.sty)
(/Users/filipezabala/Library/TinyTeX/texmf-dist/tex/latex/inconsolata/zi4.sty
`inconsolata-zi4' v1.12, 2019/05/17 Text macros for Inconsolata (msharpe)
(/Users/filipezabala/Library/TinyTeX/texmf-dist/tex/latex/xkeyval/xkeyval.sty
(/Users/filipezabala/Library/TinyTeX/texmf-dist/tex/generic/xkeyval/xkeyval.tex

(/Users/filipezabala/Library/TinyTeX/texmf-dist/tex/generic/xkeyval/xkvutils.te
x
(/Users/filipezabala/Library/TinyTeX/texmf-dist/tex/generic/xkeyval/keyval.tex)
))))
(/Users/filipezabala/Library/TinyTeX/texmf-dist/tex/latex/graphics/color.sty
(/Users/filipezabala/Library/TinyTeX/texmf-dist/tex/latex/graphics-cfg/color.cf
g)
(/Users/filipezabala/Library/TinyTeX/texmf-dist/tex/latex/graphics-def/pdftex.d
ef))
(/Users/filipezabala/Library/TinyTeX/texmf-dist/tex/latex/hyperref/hyperref.sty

(/Users/filipezabala/Library/TinyTeX/texmf-dist/tex/generic/ltxcmds/ltxcmds.sty
) (/Users/filipezabala/Library/TinyTeX/texmf-dist/tex/generic/iftex/iftex.sty)
(/Users/filipezabala/Library/TinyTeX/texmf-dist/tex/generic/pdftexcmds/pdftexcm
ds.sty
(/Users/filipezabala/Library/TinyTeX/texmf-dist/tex/generic/infwarerr/infwarerr
.sty))
(/Users/filipezabala/Library/TinyTeX/texmf-dist/tex/generic/kvsetkeys/kvsetkeys
.sty)
(/Users/filipezabala/Library/TinyTeX/texmf-dist/tex/generic/kvdefinekeys/kvdefi
nekeys.sty)
(/Users/filipezabala/Library/TinyTeX/texmf-dist/tex/generic/pdfescape/pdfescape
.sty)
(/Users/filipezabala/Library/TinyTeX/texmf-dist/tex/latex/hycolor/hycolor.sty)
(/Users/filipezabala/Library/TinyTeX/texmf-dist/tex/latex/letltxmacro/letltxmac
ro.sty)
(/Users/filipezabala/Library/TinyTeX/texmf-dist/tex/latex/auxhook/auxhook.sty)
(/Users/filipezabala/Library/TinyTeX/texmf-dist/tex/latex/kvoptions/kvoptions.s
ty)
(/Users/filipezabala/Library/TinyTeX/texmf-dist/tex/latex/hyperref/pd1enc.def)
(/Users/filipezabala/Library/TinyTeX/texmf-dist/tex/generic/intcalc/intcalc.sty
)
(/Users/filipezabala/Library/TinyTeX/texmf-dist/tex/generic/etexcmds/etexcmds.s
ty)
(/Users/filipezabala/Library/TinyTeX/texmf-dist/tex/generic/bitset/bitset.sty
(/Users/filipezabala/Library/TinyTeX/texmf-dist/tex/generic/bigintcalc/bigintca
lc.sty))
(/Users/filipezabala/Library/TinyTeX/texmf-dist/tex/generic/atbegshi/atbegshi.s
ty))
(/Users/filipezabala/Library/TinyTeX/texmf-dist/tex/latex/hyperref/hpdftex.def
(/Users/filipezabala/Library/TinyTeX/texmf-dist/tex/latex/atveryend/atveryend.s
ty)
(/Users/filipezabala/Library/TinyTeX/texmf-dist/tex/latex/rerunfilecheck/rerunf
ilecheck.sty
(/Users/filipezabala/Library/TinyTeX/texmf-dist/tex/generic/uniquecounter/uniqu
ecounter.sty)))

Package hyperref Warning: Option `hyperindex' has already been used,
(hyperref)                setting the option has no effect on input line 377.


Package hyperref Warning: Option `pagebackref' has already been used,
(hyperref)                setting the option has no effect on input line 377.

) (/Users/filipezabala/Library/TinyTeX/texmf-dist/tex/latex/base/makeidx.sty)
(/Users/filipezabala/Library/TinyTeX/texmf-dist/tex/latex/base/inputenc.sty)
Writing index file Rd2.idx

(/Users/filipezabala/Library/TinyTeX/texmf-dist/tex/latex/l3backend/l3backend-p
dftex.def)
(/private/var/folders/l1/6jb9jt7513v6cv79l15qvbg40000gn/T/RtmpCFbl8k/Rd2pdf7013
c2ef213/Rd2.aux)
(/Users/filipezabala/Library/TinyTeX/texmf-dist/tex/latex/psnfss/t1ptm.fd)
(/Users/filipezabala/Library/TinyTeX/texmf-dist/tex/context/base/mkii/supp-pdf.
mkii
[Loading MPS to PDF converter (version 2006.09.02).]
)
(/Users/filipezabala/Library/TinyTeX/texmf-dist/tex/latex/hyperref/nameref.sty
(/Users/filipezabala/Library/TinyTeX/texmf-dist/tex/latex/refcount/refcount.sty
)
(/Users/filipezabala/Library/TinyTeX/texmf-dist/tex/generic/gettitlestring/gett
itlestring.sty))
(/private/var/folders/l1/6jb9jt7513v6cv79l15qvbg40000gn/T/RtmpCFbl8k/Rd2pdf7013
c2ef213/Rd2.out)
(/private/var/folders/l1/6jb9jt7513v6cv79l15qvbg40000gn/T/RtmpCFbl8k/Rd2pdf7013
c2ef213/Rd2.out)
(/Users/filipezabala/Library/TinyTeX/texmf-dist/tex/latex/psnfss/ts1ptm.fd)
(/Users/filipezabala/Library/TinyTeX/texmf-dist/tex/latex/inconsolata/t1zi4.fd)
(/Users/filipezabala/Library/TinyTeX/texmf-dist/tex/latex/psnfss/t1phv.fd)
(/private/var/folders/l1/6jb9jt7513v6cv79l15qvbg40000gn/T/RtmpCFbl8k/Rd2pdf7013
c2ef213/Rd2.toc [1{/Users/filipezabala/Library/TinyTeX/texmf-var/fonts/map/pdft
ex/updmap/pdftex.map}]) [2]
(/Users/filipezabala/Library/TinyTeX/texmf-dist/tex/latex/inconsolata/ts1zi4.fd
) [3] [4] [5] [6]
Overfull \hbox (77.3968pt too wide) in paragraph at lines 392--393
[]\T1/ptm/m/n/10 Vector of fea-tures to be ex-tracted. (de-fault: 'f0','formant
s','zcr','mhs','rms','gain','rfc','ac','mfcc').

Overfull \hbox (42.63095pt too wide) in paragraph at lines 396--397
\T1/zi4/m/n/10 wrassp::ksvF0\T1/ptm/m/n/10 , \T1/zi4/m/n/10 wrassp::forest\T1/p
tm/m/n/10 , \T1/zi4/m/n/10 wrassp::mhsF0\T1/ptm/m/n/10 , \T1/zi4/m/n/10 wrassp:
:zcrana\T1/ptm/m/n/10 , \T1/zi4/m/n/10 wrassp::rfcana\T1/ptm/m/n/10 ,

Overfull \hbox (35.61093pt too wide) in paragraph at lines 396--397
\T1/zi4/m/n/10 wrassp::acfana\T1/ptm/m/n/10 , \T1/zi4/m/n/10 wrassp::cepstrum\T
1/ptm/m/n/10 , \T1/zi4/m/n/10 wrassp::dftSpectrum\T1/ptm/m/n/10 , \T1/zi4/m/n/1
0 wrassp::cssSpectrum
[7]
Overfull \hbox (35.84846pt too wide) in paragraph at lines 410--411
[]\T1/ptm/m/n/10 Number of cores to be used in par-al-lel pro-cess-ing. (de-fau
lt: \T1/zi4/m/n/10 parallel::detectCores()\T1/ptm/m/n/10 ) 
[8] [9] [10] [11] [12]
(/private/var/folders/l1/6jb9jt7513v6cv79l15qvbg40000gn/T/RtmpCFbl8k/Rd2pdf7013
c2ef213/Rd2.ind [13] [14])
(/private/var/folders/l1/6jb9jt7513v6cv79l15qvbg40000gn/T/RtmpCFbl8k/Rd2pdf7013
c2ef213/Rd2.aux) )
(see the transcript file for additional information){/Users/filipezabala/Librar
y/TinyTeX/texmf-dist/fonts/enc/dvips/inconsolata/i4-ts1.enc}{/Users/filipezabal
a/Library/TinyTeX/texmf-dist/fonts/enc/dvips/base/8r.enc}{/Users/filipezabala/L
ibrary/TinyTeX/texmf-dist/fonts/enc/dvips/inconsolata/i4-t1-0.enc}{/Users/filip
ezabala/Library/TinyTeX/texmf-dist/fonts/enc/dvips/cm-super/cm-super-ts1.enc}</
Users/filipezabala/Library/TinyTeX/texmf-dist/fonts/type1/public/inconsolata/In
consolata-zi4r.pfb></Users/filipezabala/Library/TinyTeX/texmf-dist/fonts/type1/
public/cm-super/sfrm1000.pfb></Users/filipezabala/Library/TinyTeX/texmf-dist/fo
nts/type1/urw/helvetic/uhvr8a.pfb></Users/filipezabala/Library/TinyTeX/texmf-di
st/fonts/type1/urw/times/utmb8a.pfb></Users/filipezabala/Library/TinyTeX/texmf-
dist/fonts/type1/urw/times/utmr8a.pfb></Users/filipezabala/Library/TinyTeX/texm
f-dist/fonts/type1/urw/times/utmr8a.pfb></Users/filipezabala/Library/TinyTeX/te
xmf-dist/fonts/type1/urw/times/utmri8a.pfb>
Output written on Rd2.pdf (14 pages, 110049 bytes).
Transcript written on Rd2.log.
Saving output to ‘voice-manual.pdf’ ...
Done
You may want to clean up by 'rm -Rf /var/folders/l1/6jb9jt7513v6cv79l15qvbg40000gn/T//RtmpCFbl8k/Rd2pdf7013c2ef213'
